[2023-12-10 16:08:08,808][__main__][INFO] - For logs, checkpoints and samples check /Volumes/Castile/HackerProj/denoiser
[2023-12-10 16:08:11,855][denoiser.solver][INFO] - Loading checkpoint model: checkpoint.th
[2023-12-10 16:08:12,213][denoiser.solver][INFO] - Replaying metrics from previous run
[2023-12-10 16:08:12,213][denoiser.solver][INFO] - Epoch 1: Train=inf Valid=inf Best=inf
[2023-12-10 16:08:12,213][denoiser.solver][INFO] - Epoch 2: Train=inf Valid=inf Best=inf
[2023-12-10 16:08:12,214][denoiser.solver][INFO] - ----------------------------------------------------------------------
[2023-12-10 16:08:12,214][denoiser.solver][INFO] - Training...
[2023-12-10 16:08:39,775][denoiser.solver][INFO] - Train | Epoch 3 | 1/1 | 13.8 sec/it | Loss inf
[2023-12-10 16:08:39,780][denoiser.solver][INFO] - [1mTrain Summary | End of Epoch 3 | Time 27.57s | Train Loss inf[0m
[2023-12-10 16:08:39,780][denoiser.solver][INFO] - ----------------------------------------------------------------------
[2023-12-10 16:08:39,780][denoiser.solver][INFO] - Cross validation...
[2023-12-10 16:08:43,191][denoiser.solver][INFO] - Valid | Epoch 3 | 5/25 | 1.8 it/sec | Loss inf
[2023-12-10 16:08:43,429][denoiser.solver][INFO] - Valid | Epoch 3 | 10/25 | 3.1 it/sec | Loss inf
[2023-12-10 16:08:43,656][denoiser.solver][INFO] - Valid | Epoch 3 | 15/25 | 4.2 it/sec | Loss inf
[2023-12-10 16:08:43,858][denoiser.solver][INFO] - Valid | Epoch 3 | 20/25 | 5.2 it/sec | Loss inf
[2023-12-10 16:09:09,167][denoiser.solver][INFO] - Valid | Epoch 3 | 25/25 | 0.9 it/sec | Loss inf
[2023-12-10 16:09:09,169][denoiser.solver][INFO] - [1mValid Summary | End of Epoch 3 | Time 56.95s | Valid Loss inf[0m
[2023-12-10 16:09:09,169][denoiser.solver][INFO] - [1mNew best valid loss inf[0m
[2023-12-10 16:09:09,253][denoiser.solver][INFO] - ----------------------------------------------------------------------
[2023-12-10 16:09:09,253][denoiser.solver][INFO] - Evaluating on the test set...
[2023-12-10 16:09:12,521][denoiser.evaluate][INFO] - Eval estimates | 5/25 | 1.9 it/sec
[2023-12-10 16:09:12,533][denoiser.evaluate][INFO] - Eval estimates | 10/25 | 3.5 it/sec
[2023-12-10 16:09:12,544][denoiser.evaluate][INFO] - Eval estimates | 15/25 | 5.1 it/sec
[2023-12-10 16:09:12,554][denoiser.evaluate][INFO] - Eval estimates | 20/25 | 6.6 it/sec
[2023-12-10 16:09:37,571][denoiser.evaluate][INFO] - Eval estimates | 25/25 | 0.9 it/sec
[2023-12-10 16:09:38,554][__main__][ERROR] - Some error happened
concurrent.futures.process._RemoteTraceback: 
"""
Traceback (most recent call last):
  File "/Volumes/Toys/Factory/anaconda3/envs/dnoise/lib/python3.11/concurrent/futures/process.py", line 256, in _process_worker
    r = call_item.fn(*call_item.args, **call_item.kwargs)
        ^^^^^^^^^^^^^^^^^^^^^^^^^^^^^^^^^^^^^^^^^^^^^^^^^
  File "/Volumes/Castile/HackerProj/denoiser/denoiser/evaluate.py", line 85, in _estimate_and_run_metrics
    return _run_metrics(clean, estimate, args, sr=model.sample_rate)
           ^^^^^^^^^^^^^^^^^^^^^^^^^^^^^^^^^^^^^^^^^^^^^^^^^^^^^^^^^
  File "/Volumes/Castile/HackerProj/denoiser/denoiser/evaluate.py", line 92, in _run_metrics
    pesq_i = get_pesq(clean, estimate, sr=sr)
             ^^^^^^^^^^^^^^^^^^^^^^^^^^^^^^^^
  File "/Volumes/Castile/HackerProj/denoiser/denoiser/evaluate.py", line 109, in get_pesq
    pesq_val += pesq(sr, ref_sig[i], out_sig[i], 'wb')
                ^^^^^^^^^^^^^^^^^^^^^^^^^^^^^^^^^^^^^^
  File "/Volumes/Toys/Factory/anaconda3/envs/dnoise/lib/python3.11/site-packages/pesq/_pesq.py", line 114, in pesq
    return _pesq_inner(ref, deg, fs, mode, on_error)
           ^^^^^^^^^^^^^^^^^^^^^^^^^^^^^^^^^^^^^^^^^
  File "/Volumes/Toys/Factory/anaconda3/envs/dnoise/lib/python3.11/site-packages/pesq/_pesq.py", line 65, in _pesq_inner
    return cypesq(
           ^^^^^^^
  File "pesq/cypesq.pyx", line 171, in cypesq.cypesq
  File "pesq/cypesq.pyx", line 193, in cypesq.cypesq
cypesq.NoUtterancesError: b'No utterances detected'
"""

The above exception was the direct cause of the following exception:

Traceback (most recent call last):
  File "/Volumes/Castile/HackerProj/denoiser/train.py", line 121, in main
    _main(args)
  File "/Volumes/Castile/HackerProj/denoiser/train.py", line 114, in _main
    run(args)
  File "/Volumes/Castile/HackerProj/denoiser/train.py", line 95, in run
    solver.train()
  File "/Volumes/Castile/HackerProj/denoiser/denoiser/solver.py", line 173, in train
    pesq, stoi = evaluate(self.args, self.model, self.tt_loader)
                 ^^^^^^^^^^^^^^^^^^^^^^^^^^^^^^^^^^^^^^^^^^^^^^^
  File "/Volumes/Castile/HackerProj/denoiser/denoiser/evaluate.py", line 73, in evaluate
    pesq_i, stoi_i = pending.result()
                     ^^^^^^^^^^^^^^^^
  File "/Volumes/Toys/Factory/anaconda3/envs/dnoise/lib/python3.11/concurrent/futures/_base.py", line 449, in result
    return self.__get_result()
           ^^^^^^^^^^^^^^^^^^^
  File "/Volumes/Toys/Factory/anaconda3/envs/dnoise/lib/python3.11/concurrent/futures/_base.py", line 401, in __get_result
    raise self._exception
cypesq.NoUtterancesError: b'No utterances detected'
